6.2.0 26-04-2018 15:31:25 Starting new session. Mods: examplemod 
6.2.0 26-04-2018 15:31:44 MAJOR: null: Loading language: en_us
6.2.0 26-04-2018 15:31:44 MAJOR: null: LanguageData loaded: en_us. Wand invitem name: Wand of Summoning
6.2.0 26-04-2018 15:34:54 Starting new session. Mods: examplemod 
6.2.0 26-04-2018 15:35:41 MAJOR: null: Loading language: en_us
6.2.0 26-04-2018 15:35:41 MAJOR: null: LanguageData loaded: en_us. Wand invitem name: Wand of Summoning
6.2.0 26-04-2018 20:47:39 Starting new session. Mods: examplemod 
6.2.0 26-04-2018 20:49:28 Starting new session. Mods: examplemod 
6.2.0 26-04-2018 20:51:57 Starting new session. Mods: examplemod 
6.2.0 26-04-2018 20:52:48 MAJOR: null: Loading language: en_us
6.2.0 26-04-2018 20:52:53 MAJOR: null: LanguageData loaded: en_us. Wand invitem name: Wand of Summoning
6.2.0 26-04-2018 20:55:41 ERROR: (lighthouse_0 at -249/64/775/2/0/Pharos/net.minecraft.world.WorldServer@19d26bf1): No selling data from player dreamsx, only has data for [Ljava.lang.Object;@10921e83
6.2.0 26-04-2018 20:55:41 ERROR: (lighthouse_0 at -249/64/775/2/0/Pharos/net.minecraft.client.multiplayer.WorldClient@4ea7eacf): No selling data from player dreamsx, only has data for [Ljava.lang.Object;@4d5cea67
6.2.0 26-04-2018 20:55:41 ERROR: (lighthouse_0 at -249/64/775/2/0/Pharos/net.minecraft.client.multiplayer.WorldClient@4ea7eacf): No selling data from player dreamsx, only has data for [Ljava.lang.Object;@6f7a6951
6.2.0 26-04-2018 21:00:17 Starting new session. Mods: examplemod 
6.2.0 26-04-2018 21:01:01 MAJOR: null: Loading language: en_us
6.2.0 26-04-2018 21:01:01 MAJOR: null: LanguageData loaded: en_us. Wand invitem name: Wand of Summoning
6.2.0 26-04-2018 21:04:11 Starting new session. Mods: examplemod 
6.2.0 26-04-2018 21:04:55 MAJOR: null: Loading language: en_us
6.2.0 26-04-2018 21:04:55 MAJOR: null: LanguageData loaded: en_us. Wand invitem name: Wand of Summoning
6.2.0 26-04-2018 21:07:24 Starting new session. Mods: examplemod 
6.2.0 26-04-2018 21:08:07 MAJOR: null: Loading language: en_us
6.2.0 26-04-2018 21:08:08 MAJOR: null: LanguageData loaded: en_us. Wand invitem name: Wand of Summoning
6.2.0 26-04-2018 23:07:18 Starting new session. Mods: examplemod 
6.2.0 26-04-2018 23:08:10 MAJOR: null: Loading language: en_us
6.2.0 26-04-2018 23:08:14 MAJOR: null: LanguageData loaded: en_us. Wand invitem name: Wand of Summoning
6.2.0 26-04-2018 23:44:13 Starting new session. Mods: examplemod 
6.2.0 26-04-2018 23:45:00 MAJOR: null: Loading language: en_us
6.2.0 26-04-2018 23:45:05 MAJOR: null: LanguageData loaded: en_us. Wand invitem name: Wand of Summoning
6.2.0 26-04-2018 23:52:17 Starting new session. Mods: examplemod 
6.2.0 26-04-2018 23:52:27 MAJOR: null: Loading language: en_us
6.2.0 26-04-2018 23:52:27 MAJOR: null: LanguageData loaded: en_us. Wand invitem name: Wand of Summoning
6.2.0 26-04-2018 23:54:51 Starting new session. Mods: examplemod 
6.2.0 26-04-2018 23:55:06 MAJOR: null: Loading language: en_us
6.2.0 26-04-2018 23:55:07 MAJOR: null: LanguageData loaded: en_us. Wand invitem name: Wand of Summoning
6.2.0 26-04-2018 23:56:43 Starting new session. Mods: examplemod 
6.2.0 26-04-2018 23:56:53 MAJOR: null: Loading language: en_us
6.2.0 26-04-2018 23:56:54 MAJOR: null: LanguageData loaded: en_us. Wand invitem name: Wand of Summoning
6.2.0 26-04-2018 23:57:54 Starting new session. Mods: examplemod 
6.2.0 26-04-2018 23:58:03 MAJOR: null: Loading language: en_us
6.2.0 26-04-2018 23:58:04 MAJOR: null: LanguageData loaded: en_us. Wand invitem name: Wand of Summoning
6.2.0 27-04-2018 14:06:54 Starting new session. Mods: examplemod 
6.2.0 27-04-2018 14:07:45 MAJOR: null: Loading language: en_us
6.2.0 27-04-2018 14:07:54 MAJOR: null: LanguageData loaded: en_us. Wand invitem name: Wand of Summoning
6.2.0 27-04-2018 14:22:49 Starting new session. Mods: examplemod 
6.2.0 27-04-2018 14:23:31 MAJOR: null: Loading language: en_us
6.2.0 27-04-2018 14:23:31 MAJOR: null: LanguageData loaded: en_us. Wand invitem name: Wand of Summoning
6.2.0 27-04-2018 14:28:14 Starting new session. Mods: examplemod 
6.2.0 27-04-2018 14:28:54 MAJOR: null: Loading language: en_us
6.2.0 27-04-2018 14:28:56 MAJOR: null: LanguageData loaded: en_us. Wand invitem name: Wand of Summoning
6.2.0 27-04-2018 23:06:47 Starting new session. Mods: examplemod 
6.2.0 27-04-2018 23:07:37 MAJOR: null: Loading language: en_us
6.2.0 27-04-2018 23:07:42 MAJOR: null: LanguageData loaded: en_us. Wand invitem name: Wand of Summoning
6.2.0 29-04-2018 09:59:23 Starting new session. Mods: examplemod 
6.2.0 29-04-2018 10:00:16 MAJOR: null: Loading language: en_us
6.2.0 29-04-2018 10:00:21 MAJOR: null: LanguageData loaded: en_us. Wand invitem name: Wand of Summoning
6.2.0 04-05-2018 19:59:00 Starting new session. Mods: examplemod 
6.2.0 04-05-2018 20:00:53 MAJOR: null: Loading language: en_us
6.2.0 04-05-2018 20:01:00 MAJOR: null: LanguageData loaded: en_us. Wand invitem name: Wand of Summoning
6.2.1 08-05-2018 19:25:34 Starting new session. Mods: examplemod 
6.2.1 08-05-2018 19:26:27 MAJOR: null: Loading language: en_us
6.2.1 08-05-2018 19:26:28 MAJOR: null: LanguageData loaded: en_us. Wand invitem name: Wand of Summoning
6.2.1 08-05-2018 19:27:34 ERROR: (fortbyzantine_A0 at 935/85/-601/2/0/Arkades/WorldServerOF@734adcf8): Deleting building as could not find the location for it at: 905/82/-591
6.2.1 08-05-2018 22:08:45 Starting new session. Mods: examplemod 
6.2.1 08-05-2018 22:09:46 MAJOR: null: Loading language: en_us
6.2.1 08-05-2018 22:09:53 MAJOR: null: LanguageData loaded: en_us. Wand invitem name: Wand of Summoning
6.2.1 09-05-2018 11:14:34 Starting new session. Mods: examplemod 
6.2.1 09-05-2018 11:15:33 MAJOR: null: Loading language: en_us
6.2.1 09-05-2018 11:15:38 MAJOR: null: LanguageData loaded: en_us. Wand invitem name: Wand of Summoning
6.2.1 12-05-2018 09:15:12 Starting new session. Mods: examplemod 
6.2.1 12-05-2018 09:16:04 MAJOR: null: Loading language: en_us
6.2.1 12-05-2018 09:16:09 MAJOR: null: LanguageData loaded: en_us. Wand invitem name: Wand of Summoning
6.2.1 12-05-2018 09:23:41 ERROR: (fortbyzantine_A5 at 935/85/-601/2/0/Arkades/WorldServerOF@1f4b7505): Deleting building as could not find the location for it at: 895/84/-634
6.2.1 12-05-2018 22:06:20 Starting new session. Mods: examplemod 
6.2.1 12-05-2018 22:07:12 MAJOR: null: Loading language: en_us
6.2.1 12-05-2018 22:07:17 MAJOR: null: LanguageData loaded: en_us. Wand invitem name: Wand of Summoning
6.2.1 13-05-2018 18:33:58 Starting new session. Mods: examplemod 
6.2.1 13-05-2018 18:34:56 MAJOR: null: Loading language: en_us
6.2.1 13-05-2018 18:35:02 MAJOR: null: LanguageData loaded: en_us. Wand invitem name: Wand of Summoning
6.2.1 13-05-2018 18:36:43 ERROR: (fortbyzantine_A7 at 935/85/-601/2/0/Arkades/WorldServerOF@345f4727): Deleting building as could not find the location for it at: 903/87/-558
6.2.1 13-05-2018 18:59:40 Starting new session. Mods: examplemod 
6.2.1 13-05-2018 19:00:26 MAJOR: null: Loading language: en_us
6.2.1 13-05-2018 19:00:26 MAJOR: null: LanguageData loaded: en_us. Wand invitem name: Wand of Summoning
6.2.1 13-05-2018 19:28:57 Starting new session. Mods: examplemod 
6.2.1 13-05-2018 19:29:54 MAJOR: null: Loading language: en_us
6.2.1 13-05-2018 19:30:00 MAJOR: null: LanguageData loaded: en_us. Wand invitem name: Wand of Summoning
6.2.1 13-05-2018 19:59:38 Starting new session. Mods: examplemod 
6.2.1 13-05-2018 20:00:22 MAJOR: null: Loading language: en_us
6.2.1 13-05-2018 20:00:22 MAJOR: null: LanguageData loaded: en_us. Wand invitem name: Wand of Summoning
6.2.1 13-05-2018 20:04:18 Starting new session. Mods: examplemod 
6.2.1 13-05-2018 20:05:03 MAJOR: null: Loading language: en_us
6.2.1 13-05-2018 20:05:04 MAJOR: null: LanguageData loaded: en_us. Wand invitem name: Wand of Summoning
6.2.1 13-05-2018 20:13:52 Starting new session. Mods: examplemod 
6.2.1 13-05-2018 20:14:38 MAJOR: null: Loading language: en_us
6.2.1 13-05-2018 20:14:39 MAJOR: null: LanguageData loaded: en_us. Wand invitem name: Wand of Summoning
6.2.1 16-05-2018 12:58:39 Starting new session. Mods: examplemod 
6.2.1 16-05-2018 13:00:06 MAJOR: null: Loading language: en_us
6.2.1 16-05-2018 13:00:15 MAJOR: null: LanguageData loaded: en_us. Wand invitem name: Wand of Summoning
6.2.1 16-05-2018 13:20:18 Starting new session. Mods: examplemod 
6.2.1 16-05-2018 13:21:07 MAJOR: null: Loading language: en_us
6.2.1 16-05-2018 13:21:12 MAJOR: null: LanguageData loaded: en_us. Wand invitem name: Wand of Summoning
6.2.1 16-05-2018 13:26:54 Starting new session. Mods: examplemod 
6.2.1 16-05-2018 13:27:41 MAJOR: null: Loading language: en_us
6.2.1 16-05-2018 13:27:42 MAJOR: null: LanguageData loaded: en_us. Wand invitem name: Wand of Summoning
6.2.1 16-05-2018 13:29:53 Starting new session. Mods: examplemod 
6.2.1 16-05-2018 13:30:38 MAJOR: null: Loading language: en_us
6.2.1 16-05-2018 13:30:38 MAJOR: null: LanguageData loaded: en_us. Wand invitem name: Wand of Summoning
6.2.1 16-05-2018 13:42:11 Starting new session. Mods: examplemod 
6.2.1 16-05-2018 13:43:45 Starting new session. Mods: examplemod 
6.2.1 16-05-2018 13:44:47 Starting new session. Mods: examplemod 
6.2.1 16-05-2018 13:45:34 MAJOR: null: Loading language: en_us
6.2.1 16-05-2018 13:45:35 MAJOR: null: LanguageData loaded: en_us. Wand invitem name: Wand of Summoning
6.2.1 16-05-2018 13:58:07 Starting new session. Mods: examplemod 
6.2.1 16-05-2018 13:58:53 MAJOR: null: Loading language: en_us
6.2.1 16-05-2018 13:58:53 MAJOR: null: LanguageData loaded: en_us. Wand invitem name: Wand of Summoning
6.2.1 16-05-2018 14:05:41 Starting new session. Mods: examplemod 
6.2.1 16-05-2018 14:06:29 MAJOR: null: Loading language: en_us
6.2.1 16-05-2018 14:06:29 MAJOR: null: LanguageData loaded: en_us. Wand invitem name: Wand of Summoning
6.2.1 16-05-2018 14:08:20 Starting new session. Mods: examplemod 
6.2.1 16-05-2018 14:09:07 MAJOR: null: Loading language: en_us
6.2.1 16-05-2018 14:09:07 MAJOR: null: LanguageData loaded: en_us. Wand invitem name: Wand of Summoning
6.2.1 16-05-2018 14:10:39 Starting new session. Mods: examplemod 
6.2.1 16-05-2018 14:11:27 MAJOR: null: Loading language: en_us
6.2.1 16-05-2018 14:11:27 MAJOR: null: LanguageData loaded: en_us. Wand invitem name: Wand of Summoning
6.2.1 16-05-2018 14:18:05 Starting new session. Mods: examplemod 
6.2.1 16-05-2018 14:18:50 MAJOR: null: Loading language: en_us
6.2.1 16-05-2018 14:18:51 MAJOR: null: LanguageData loaded: en_us. Wand invitem name: Wand of Summoning
6.2.1 16-05-2018 14:25:24 Starting new session. Mods: examplemod 
6.2.1 16-05-2018 14:26:10 MAJOR: null: Loading language: en_us
6.2.1 16-05-2018 14:26:10 MAJOR: null: LanguageData loaded: en_us. Wand invitem name: Wand of Summoning
6.2.1 17-05-2018 10:47:46 Starting new session. Mods: examplemod 
6.2.1 17-05-2018 10:48:43 MAJOR: null: Loading language: en_us
6.2.1 17-05-2018 10:48:48 MAJOR: null: LanguageData loaded: en_us. Wand invitem name: Wand of Summoning
6.2.1 17-05-2018 10:59:45 Starting new session. Mods: examplemod 
6.2.1 17-05-2018 11:00:32 MAJOR: null: Loading language: en_us
6.2.1 17-05-2018 11:00:33 MAJOR: null: LanguageData loaded: en_us. Wand invitem name: Wand of Summoning
6.2.1 17-05-2018 11:03:23 ERROR: org.millenaire.common.pathing.atomicstryker.AStarWorkerJPS@1806fac0: Chunk access violation while calculating a path for org.millenaire.common.pathing.atomicstryker.AStarPathPlannerJPS@16c10668
6.2.1 17-05-2018 11:04:45 Starting new session. Mods: examplemod 
6.2.1 17-05-2018 11:05:34 MAJOR: null: Loading language: en_us
6.2.1 17-05-2018 11:05:35 MAJOR: null: LanguageData loaded: en_us. Wand invitem name: Wand of Summoning
6.2.1 17-05-2018 21:16:55 Starting new session. Mods: examplemod 
6.2.1 17-05-2018 21:17:57 MAJOR: null: Loading language: en_us
6.2.1 17-05-2018 21:18:02 MAJOR: null: LanguageData loaded: en_us. Wand invitem name: Wand of Summoning
6.2.1 17-05-2018 23:31:58 Starting new session. Mods: examplemod 
6.2.1 17-05-2018 23:33:05 MAJOR: null: Loading language: en_us
6.2.1 17-05-2018 23:33:12 MAJOR: null: LanguageData loaded: en_us. Wand invitem name: Wand of Summoning
6.2.1 18-05-2018 07:52:17 Starting new session. Mods: examplemod 
6.2.1 18-05-2018 07:53:23 MAJOR: null: Loading language: en_us
6.2.1 18-05-2018 07:53:28 MAJOR: null: LanguageData loaded: en_us. Wand invitem name: Wand of Summoning
6.2.1 18-05-2018 19:40:37 Starting new session. Mods: examplemod 
6.2.1 18-05-2018 19:41:33 MAJOR: null: Loading language: en_us
6.2.1 18-05-2018 19:41:38 MAJOR: null: LanguageData loaded: en_us. Wand invitem name: Wand of Summoning
6.2.1 19-05-2018 09:17:48 Starting new session. Mods: examplemod 
6.2.1 19-05-2018 09:18:50 MAJOR: null: Loading language: en_us
6.2.1 19-05-2018 09:18:56 MAJOR: null: LanguageData loaded: en_us. Wand invitem name: Wand of Summoning
6.2.1 19-05-2018 09:25:39 Starting new session. Mods: examplemod 
6.2.1 19-05-2018 09:26:28 MAJOR: null: Loading language: en_us
6.2.1 19-05-2018 09:26:28 MAJOR: null: LanguageData loaded: en_us. Wand invitem name: Wand of Summoning
6.2.2 21-05-2018 08:52:11 Starting new session. Mods: examplemod 
6.2.2 21-05-2018 08:53:01 MAJOR: null: Loading language: en_us
6.2.2 21-05-2018 08:53:01 MAJOR: null: LanguageData loaded: en_us. Wand invitem name: Wand of Summoning
6.2.2 21-05-2018 08:57:46 Starting new session. Mods: examplemod 
6.2.2 21-05-2018 08:58:33 MAJOR: null: Loading language: en_us
6.2.2 21-05-2018 08:58:33 MAJOR: null: LanguageData loaded: en_us. Wand invitem name: Wand of Summoning
7.0.0 05-11-2018 09:16:10 Starting new session. Mods: examplemod 
7.0.0 05-11-2018 09:16:56 MAJOR: null: Loading language: en_us
7.0.0 05-11-2018 09:16:56 MAJOR: null: LanguageData loaded: en_us. Wand invitem name: Wand of Summoning
7.0.0 05-11-2018 09:18:44 Starting new session. Mods: examplemod 
7.0.0 05-11-2018 09:19:29 MAJOR: null: Loading language: en_us
7.0.0 05-11-2018 09:19:30 MAJOR: null: LanguageData loaded: en_us. Wand invitem name: Wand of Summoning
7.0.0 05-11-2018 09:27:53 Starting new session. Mods: examplemod 
7.0.0 05-11-2018 09:28:35 MAJOR: null: Loading language: en_us
7.0.0 05-11-2018 09:28:36 MAJOR: null: LanguageData loaded: en_us. Wand invitem name: Wand of Summoning
7.0.0 05-11-2018 09:29:52 MAJOR: org.millenaire.common.village.Building@799a40e9: Added tags due to 'loading from location NBT': bakery, went from 0 to 1. Cuttent tags: bakery
7.0.0 05-11-2018 09:29:52 MAJOR: Karl Reginald/lonemiller/3383625838491001049/1268/69/-397: Texture textures/entity/norman/ml_farmer1.png cannot be found, replacing it with textures/entity/norman/male/nor_peasant_5.png
7.0.0 05-11-2018 09:29:52 MAJOR: Radulf Fredegar/loneminer/2615775836391788680/392/72/199: Texture textures/entity/norman/ml_miner1.png cannot be found, replacing it with textures/entity/norman/male/nor_peasant_8.png
7.0.0 05-11-2018 09:29:52 MAJOR: org.millenaire.common.village.Building@72624839: Added tags due to 'loading from location NBT': patrol, leasure, went from 0 to 2. Cuttent tags: patrol, leasure
7.0.0 05-11-2018 09:29:52 MAJOR: org.millenaire.common.village.Building@7105ca1: Added tags due to 'loading from location NBT': grove, went from 0 to 1. Cuttent tags: grove
7.0.0 05-11-2018 09:29:52 MAJOR: org.millenaire.common.village.Building@5b5428c6: Added tags due to 'loading from location NBT': fishingspot, oven, went from 0 to 2. Cuttent tags: fishingspot, oven
7.0.0 05-11-2018 09:29:52 MAJOR: org.millenaire.common.village.Building@3b4981: Added tags due to 'loading from location NBT': inn, leasure, went from 0 to 2. Cuttent tags: inn, leasure
7.0.0 05-11-2018 09:29:52 MAJOR: org.millenaire.common.village.Building@1ca95774: Added tags due to 'loading from location NBT': bakery, went from 0 to 1. Cuttent tags: bakery
7.0.0 05-11-2018 09:29:52 MAJOR: Robert Tankred/lonemiller/1983369879311714425/633/68/-614: Texture textures/entity/norman/ml_farmer0.png cannot be found, replacing it with textures/entity/norman/male/nor_peasant_2.png
7.0.0 05-11-2018 09:29:52 MAJOR: org.millenaire.common.village.Building@76c33dd4: Added tags due to 'loading from location NBT': patrol, leasure, went from 0 to 2. Cuttent tags: patrol, leasure
7.0.0 05-11-2018 09:29:53 MAJOR: org.millenaire.common.village.Building@3eeda22d: Added tags due to 'loading from location NBT': grove, went from 0 to 1. Cuttent tags: grove
7.0.0 05-11-2018 09:29:53 MAJOR: org.millenaire.common.village.Building@5194d8d4: Added tags due to 'loading from location NBT': fishingspot, oven, went from 0 to 2. Cuttent tags: fishingspot, oven
7.0.0 05-11-2018 09:29:53 MAJOR: org.millenaire.common.village.Building@661ff468: Added tags due to 'loading from location NBT': inn, leasure, went from 0 to 2. Cuttent tags: inn, leasure
7.0.0 05-11-2018 09:29:53 MAJOR: org.millenaire.common.village.Building@4f11ac9c: Added tags due to 'loading from location NBT': vineyard, went from 0 to 1. Cuttent tags: vineyard
7.0.0 05-11-2018 09:29:53 MAJOR: org.millenaire.common.village.Building@64c6c640: Added tags due to 'loading from location NBT': workspace, oven, went from 0 to 2. Cuttent tags: workspace, oven
7.0.0 05-11-2018 09:29:53 MAJOR: org.millenaire.common.village.Building@6b7aa5a6: Added tags due to 'loading from location NBT': sheeps, oven, went from 0 to 2. Cuttent tags: sheeps, oven
7.0.0 05-11-2018 09:29:53 MAJOR: org.millenaire.common.village.Building@40d32801: Added tags due to 'loading from location NBT': tavern, drinking, leasure, went from 0 to 3. Cuttent tags: tavern, drinking, leasure
7.0.0 05-11-2018 09:29:53 MAJOR: org.millenaire.common.village.Building@67c83560: Added tags due to 'loading from location NBT': patrol, went from 0 to 1. Cuttent tags: patrol
7.0.0 05-11-2018 09:29:53 MAJOR: org.millenaire.common.village.Building@629829a0: Added tags due to 'loading from location NBT': armoury, forge, went from 0 to 2. Cuttent tags: armoury, forge
7.0.0 05-11-2018 09:29:53 MAJOR: org.millenaire.common.village.Building@6f34e72a: Added tags due to 'loading from location NBT': patrol, went from 0 to 1. Cuttent tags: patrol
7.0.0 05-11-2018 09:29:53 MAJOR: org.millenaire.common.village.Building@44909587: Added tags due to 'loading from location NBT': patrol, went from 0 to 1. Cuttent tags: patrol
7.0.0 05-11-2018 09:29:53 MAJOR: org.millenaire.common.village.Building@383882b7: Added tags due to 'loading from location NBT': market, leasure, went from 0 to 2. Cuttent tags: market, leasure
7.0.0 05-11-2018 09:29:53 MAJOR: org.millenaire.common.village.Building@1f82ff28: Added tags due to 'loading from location NBT': pathnode, went from 0 to 1. Cuttent tags: pathnode
7.0.0 05-11-2018 09:29:53 MAJOR: null: Loading profile using name 'dreamsx', convnerting to uuid: c800e50f-2727-4da4-9a89-ccd18f6a0700
7.0.0 05-11-2018 09:29:53 MAJOR: null: Renamed profile from dreamsx to c800e50f-2727-4da4-9a89-ccd18f6a0700
7.0.0 05-11-2018 09:33:30 MAJOR: (shrinebyzantine_A0 at 922/87/-648/0/0/217145870/Bomos/net.minecraft.world.WorldServer@18e9358b): Added tags due to 'Adding plan tags': pathnode, went from 0 to 1. Cuttent tags: pathnode
7.0.0 05-11-2018 09:37:10 Starting new session. Mods: examplemod 
7.0.0 05-11-2018 09:37:51 MAJOR: null: Loading language: en_us
7.0.0 05-11-2018 09:37:51 MAJOR: null: LanguageData loaded: en_us. Wand invitem name: Wand of Summoning
7.0.0 05-11-2018 09:40:45 MAJOR: (loneinn_A0 at -249/64/151/2/0/1930747346/Auberge Isol?e/net.minecraft.world.WorldServer@461e4c5c): Added tags due to 'Adding plan tags': market, drinking, cider, alembic, went from 0 to 4. Cuttent tags: market, drinking, cider, alembic
7.0.0 05-11-2018 09:41:45 MAJOR: (grovebyzantine_A0 at -415/75/477/2/0/620591424/Alsos/net.minecraft.world.WorldServer@461e4c5c): Added tags due to 'Adding plan tags': grove, went from 0 to 1. Cuttent tags: grove
7.0.0 05-11-2018 09:41:45 MAJOR: (innbyzantine_A0 at -368/70/397/3/0/291926760/Pandocheio/net.minecraft.world.WorldServer@461e4c5c): Added tags due to 'Adding plan tags': inn, leasure, went from 0 to 2. Cuttent tags: inn, leasure
7.0.0 05-11-2018 09:43:28 MAJOR: (lonesheepfarm_A0 at -777/70/439/2/0/1120431350/Apomonomeno Boske Probaton/net.minecraft.world.WorldServer@461e4c5c): Added tags due to 'Adding plan tags': sheeps, went from 0 to 1. Cuttent tags: sheeps
7.0.0 06-11-2018 17:12:27 Starting new session. Mods: examplemod 
7.0.0 06-11-2018 17:13:25 MAJOR: null: Loading language: en_us
7.0.0 06-11-2018 17:13:30 MAJOR: null: LanguageData loaded: en_us. Wand invitem name: Wand of Summoning
7.0.0 06-11-2018 17:17:12 Error when checking version:
7.0.0 06-11-2018 17:17:12 java.io.IOException: Server returned HTTP response code: 502 for URL: http://millenaire.org/lastversion/1.12.2.txt
	at sun.net.www.protocol.http.HttpURLConnection.getInputStream0(HttpURLConnection.java:1839)
	at sun.net.www.protocol.http.HttpURLConnection.access$200(HttpURLConnection.java:90)
	at sun.net.www.protocol.http.HttpURLConnection$9.run(HttpURLConnection.java:1432)
	at sun.net.www.protocol.http.HttpURLConnection$9.run(HttpURLConnection.java:1430)
	at java.security.AccessController.doPrivileged(Native Method)
	at java.security.AccessController.doPrivileged(AccessController.java:713)
	at sun.net.www.protocol.http.HttpURLConnection.getInputStream(HttpURLConnection.java:1429)
	at java.net.URL.openStream(URL.java:1038)
	at org.millenaire.common.utilities.MillCommonUtilities$VersionCheckThread.run(MillCommonUtilities.java:204)

7.0.0 16-12-2018 11:07:27 Starting new session. Mods: examplemod 
7.0.0 16-12-2018 11:08:26 MAJOR: null: Loading language: en_us
7.0.0 16-12-2018 11:08:31 MAJOR: null: LanguageData loaded: en_us. Wand invitem name: Wand of Summoning
7.0.0 16-12-2018 11:13:45 MAJOR: org.millenaire.common.village.Building@6329759c: Added tags due to 'loading from NBT': alembic, cider, drinking, market, went from 0 to 4. Cuttent tags: alembic, cider, drinking, market
7.0.0 16-12-2018 11:13:45 MAJOR: org.millenaire.common.village.Building@5597a18a: Added tags due to 'loading from NBT': grove, went from 0 to 1. Cuttent tags: grove
7.0.0 16-12-2018 11:13:45 MAJOR: org.millenaire.common.village.Building@9d5e69b: Added tags due to 'loading from NBT': inn, leasure, went from 0 to 2. Cuttent tags: inn, leasure
7.0.0 16-12-2018 11:13:45 MAJOR: org.millenaire.common.village.Building@5590670d: Added tags due to 'loading from NBT': sheeps, went from 0 to 1. Cuttent tags: sheeps
7.0.0 16-12-2018 11:30:23 Starting new session. Mods: examplemod 
7.0.0 16-12-2018 11:31:14 MAJOR: null: Loading language: en_us
7.0.0 16-12-2018 11:31:15 MAJOR: null: LanguageData loaded: en_us. Wand invitem name: Wand of Summoning
7.0.0 16-12-2018 11:32:21 MAJOR: org.millenaire.common.village.Building@4c7b0575: Added tags due to 'loading from NBT': alembic, cider, drinking, market, went from 0 to 4. Cuttent tags: alembic, cider, drinking, market
7.0.0 16-12-2018 11:32:21 MAJOR: org.millenaire.common.village.Building@15422141: Added tags due to 'loading from NBT': grove, went from 0 to 1. Cuttent tags: grove
7.0.0 16-12-2018 11:32:21 MAJOR: org.millenaire.common.village.Building@b7c3b1b: Added tags due to 'loading from NBT': inn, leasure, went from 0 to 2. Cuttent tags: inn, leasure
7.0.0 16-12-2018 11:32:21 MAJOR: org.millenaire.common.village.Building@55f5831b: Added tags due to 'loading from NBT': sheeps, went from 0 to 1. Cuttent tags: sheeps
7.1.0 16-12-2018 11:47:52 Starting new session. Mods: examplemod 
7.1.0 16-12-2018 11:48:36 MAJOR: null: Loading language: en_us
7.1.0 16-12-2018 11:48:37 MAJOR: null: LanguageData loaded: en_us. Wand invitem name: Wand of Summoning
7.1.0 16-12-2018 11:55:55 Starting new session. Mods: examplemod 
7.1.0 16-12-2018 11:56:41 MAJOR: null: Loading language: en_us
7.1.0 16-12-2018 11:56:41 MAJOR: null: LanguageData loaded: en_us. Wand invitem name: Wand of Summoning
7.1.0 16-12-2018 21:31:44 Starting new session. Mods: examplemod 
7.1.0 16-12-2018 21:32:44 MAJOR: null: Loading language: en_us
7.1.0 16-12-2018 21:32:53 MAJOR: null: LanguageData loaded: en_us. Wand invitem name: Wand of Summoning
7.1.0 16-12-2018 21:41:12 Starting new session. Mods: examplemod 
7.1.0 16-12-2018 21:42:08 MAJOR: null: Loading language: en_us
7.1.0 16-12-2018 21:42:08 MAJOR: null: LanguageData loaded: en_us. Wand invitem name: Wand of Summoning
7.1.0 16-12-2018 21:44:12 Starting new session. Mods: examplemod 
7.1.0 16-12-2018 21:44:57 MAJOR: null: Loading language: en_us
7.1.0 16-12-2018 21:44:58 MAJOR: null: LanguageData loaded: en_us. Wand invitem name: Wand of Summoning
7.1.1 13-01-2019 11:08:05 Starting new session. Mods: examplemod 
7.1.1 13-01-2019 11:08:58 MAJOR: null: Loading language: en_us
7.1.1 13-01-2019 11:08:58 MAJOR: null: LanguageData loaded: en_us. Wand invitem name: Wand of Summoning
7.1.1 13-01-2019 11:17:30 Starting new session. Mods: examplemod 
7.1.1 13-01-2019 11:18:18 MAJOR: null: Loading language: en_us
7.1.1 13-01-2019 11:18:19 MAJOR: null: LanguageData loaded: en_us. Wand invitem name: Wand of Summoning
7.1.1 13-01-2019 11:27:47 Starting new session. Mods: examplemod 
7.1.1 13-01-2019 11:28:43 MAJOR: null: Loading language: en_us
7.1.1 13-01-2019 11:28:43 MAJOR: null: LanguageData loaded: en_us. Wand invitem name: Wand of Summoning
7.1.1 13-01-2019 11:31:34 Starting new session. Mods: examplemod 
7.1.1 13-01-2019 11:32:21 MAJOR: null: Loading language: en_us
7.1.1 13-01-2019 11:32:22 MAJOR: null: LanguageData loaded: en_us. Wand invitem name: Wand of Summoning
7.1.1 13-01-2019 11:39:56 Starting new session. Mods: examplemod 
7.1.1 13-01-2019 11:40:43 MAJOR: null: Loading language: en_us
7.1.1 13-01-2019 11:40:44 MAJOR: null: LanguageData loaded: en_us. Wand invitem name: Wand of Summoning
7.1.1 13-01-2019 11:46:29 Starting new session. Mods: examplemod 
7.1.1 13-01-2019 11:47:18 MAJOR: null: Loading language: en_us
7.1.1 13-01-2019 11:47:19 MAJOR: null: LanguageData loaded: en_us. Wand invitem name: Wand of Summoning
7.1.1 13-01-2019 11:50:15 Starting new session. Mods: examplemod 
7.1.1 13-01-2019 11:51:16 MAJOR: null: Loading language: en_us
7.1.1 13-01-2019 11:51:17 MAJOR: null: LanguageData loaded: en_us. Wand invitem name: Wand of Summoning
7.1.1 13-01-2019 12:10:29 Starting new session. Mods: examplemod 
7.1.1 13-01-2019 12:11:19 MAJOR: null: Loading language: en_us
7.1.1 13-01-2019 12:11:20 MAJOR: null: LanguageData loaded: en_us. Wand invitem name: Wand of Summoning
7.1.1 13-01-2019 16:31:31 Starting new session. Mods: examplemod 
7.1.1 13-01-2019 16:32:28 MAJOR: null: Loading language: en_us
7.1.1 13-01-2019 16:32:35 MAJOR: null: LanguageData loaded: en_us. Wand invitem name: Wand of Summoning
7.1.1 13-01-2019 16:45:27 Starting new session. Mods: examplemod 
7.1.1 13-01-2019 16:46:34 MAJOR: null: Loading language: en_us
7.1.1 13-01-2019 16:46:35 MAJOR: null: LanguageData loaded: en_us. Wand invitem name: Wand of Summoning
7.1.1 13-01-2019 16:52:07 Starting new session. Mods: examplemod 
7.1.1 13-01-2019 16:52:56 MAJOR: null: Loading language: en_us
7.1.1 13-01-2019 16:52:56 MAJOR: null: LanguageData loaded: en_us. Wand invitem name: Wand of Summoning
7.1.1 13-01-2019 16:56:47 Starting new session. Mods: examplemod 
7.1.1 13-01-2019 16:57:36 MAJOR: null: Loading language: en_us
7.1.1 13-01-2019 16:57:36 MAJOR: null: LanguageData loaded: en_us. Wand invitem name: Wand of Summoning
7.1.1 13-01-2019 17:04:36 Starting new session. Mods: examplemod 
7.1.1 13-01-2019 17:05:23 MAJOR: null: Loading language: en_us
7.1.1 13-01-2019 17:05:23 MAJOR: null: LanguageData loaded: en_us. Wand invitem name: Wand of Summoning
7.1.1 13-01-2019 17:10:33 Starting new session. Mods: examplemod 
7.1.1 13-01-2019 17:11:21 MAJOR: null: Loading language: en_us
7.1.1 13-01-2019 17:11:22 MAJOR: null: LanguageData loaded: en_us. Wand invitem name: Wand of Summoning
7.1.1 13-01-2019 17:14:10 MAJOR: (sanduit_A0 at -553/67/727/0/0/401202353/Autsituqpuq/net.minecraft.world.WorldServer@36922539): Updating record for villager: Puvlibniq Naunbat/inuit_sanduitdaughter/8442572205654594271/-551/68/727
7.1.1 13-01-2019 17:14:10 MAJOR: (sanduit_A0 at -553/67/727/0/0/401202353/Autsituqpuq/net.minecraft.world.WorldServer@36922539): Updating record for villager: Ikjibvik Nunuqsibiixaq/inuit_sanduitson/6325561240096706984/-551/68/727
7.1.1 13-01-2019 17:14:14 MAJOR: (sanduit_A0 at -553/67/727/0/0/401202353/Autsituqpuq/net.minecraft.world.WorldServer@36922539): Updating record for villager: Puvlibniq Naunbat/inuit_sanduitdaughter/8442572205654594271/-551/68/727
7.1.1 13-01-2019 17:14:14 MAJOR: (sanduit_A0 at -553/67/727/0/0/401202353/Autsituqpuq/net.minecraft.world.WorldServer@36922539): Updating record for villager: Ikjibvik Nunuqsibiixaq/inuit_sanduitson/6325561240096706984/-551/68/727
7.1.1 13-01-2019 17:14:22 MAJOR: (sanduit_A0 at -553/67/727/0/0/401202353/Autsituqpuq/net.minecraft.world.WorldServer@36922539): Updating record for villager: Puvlibniq Naunbat/inuit_sanduitdaughter/8442572205654594271/-551/68/727
7.1.1 13-01-2019 17:14:22 MAJOR: (sanduit_A0 at -553/67/727/0/0/401202353/Autsituqpuq/net.minecraft.world.WorldServer@36922539): Updating record for villager: Ikjibvik Nunuqsibiixaq/inuit_sanduitson/6325561240096706984/-551/68/727
7.1.1 13-01-2019 17:15:22 Starting new session. Mods: examplemod 
7.1.1 13-01-2019 17:16:08 MAJOR: null: Loading language: en_us
7.1.1 13-01-2019 17:16:08 MAJOR: null: LanguageData loaded: en_us. Wand invitem name: Wand of Summoning
7.1.1 13-01-2019 17:17:08 MAJOR: (sanduit_A0 at -553/67/727/0/0/1044895671/Autsituqpuq/net.minecraft.world.WorldServer@75e460f7): Updating record for villager: Puvlibniq Naunbat/inuit_sanduitdaughter/8442572205654594271/-551/68/727
7.1.1 13-01-2019 17:17:08 MAJOR: (sanduit_A0 at -553/67/727/0/0/1044895671/Autsituqpuq/net.minecraft.world.WorldServer@75e460f7): Updating record for villager: Ikjibvik Nunuqsibiixaq/inuit_sanduitson/6325561240096706984/-551/68/727
7.1.1 13-01-2019 17:17:39 MAJOR: (sanduit_A0 at -553/67/727/0/0/1044895671/Autsituqpuq/net.minecraft.world.WorldServer@75e460f7): Updating record for villager: Puvlibniq Naunbat/inuit_sanduitdaughter/8442572205654594271/-551/68/727
7.1.1 13-01-2019 17:17:39 MAJOR: (sanduit_A0 at -553/67/727/0/0/1044895671/Autsituqpuq/net.minecraft.world.WorldServer@75e460f7): Updating record for villager: Ikjibvik Nunuqsibiixaq/inuit_sanduitson/6325561240096706984/-551/68/727
7.1.1 13-01-2019 17:17:53 MAJOR: (sanduit_A0 at -553/67/727/0/0/1044895671/Autsituqpuq/net.minecraft.world.WorldServer@75e460f7): Updating record for villager: Puvlibniq Naunbat/inuit_sanduitdaughter/8442572205654594271/-551/68/727
7.1.1 13-01-2019 17:17:53 MAJOR: (sanduit_A0 at -553/67/727/0/0/1044895671/Autsituqpuq/net.minecraft.world.WorldServer@75e460f7): Updating record for villager: Ikjibvik Nunuqsibiixaq/inuit_sanduitson/6325561240096706984/-551/68/727
7.1.1 13-01-2019 17:18:14 MAJOR: (sanduit_A0 at -553/67/727/0/0/1044895671/Autsituqpuq/net.minecraft.world.WorldServer@75e460f7): Updating record for villager: Puvlibniq Naunbat/inuit_sanduitdaughter/8442572205654594271/-550/68/727
7.1.1 13-01-2019 17:18:14 MAJOR: (sanduit_A0 at -553/67/727/0/0/1044895671/Autsituqpuq/net.minecraft.world.WorldServer@75e460f7): Updating record for villager: Ikjibvik Nunuqsibiixaq/inuit_sanduitson/6325561240096706984/-556/68/725
7.1.1 13-01-2019 17:18:34 MAJOR: (sanduit_A0 at -553/67/727/0/0/1044895671/Autsituqpuq/net.minecraft.world.WorldServer@75e460f7): Updating record for villager: Puvlibniq Naunbat/inuit_sanduitdaughter/8442572205654594271/-550/68/727
7.1.1 13-01-2019 17:18:34 MAJOR: (sanduit_A0 at -553/67/727/0/0/1044895671/Autsituqpuq/net.minecraft.world.WorldServer@75e460f7): Updating record for villager: Ikjibvik Nunuqsibiixaq/inuit_sanduitson/6325561240096706984/-555/68/725
7.1.1 13-01-2019 17:18:48 MAJOR: (sanduit_A0 at -553/67/727/0/0/1044895671/Autsituqpuq/net.minecraft.world.WorldServer@75e460f7): Updating record for villager: Puvlibniq Naunbat/inuit_sanduitdaughter/8442572205654594271/-550/68/727
7.1.1 13-01-2019 17:18:48 MAJOR: (sanduit_A0 at -553/67/727/0/0/1044895671/Autsituqpuq/net.minecraft.world.WorldServer@75e460f7): Updating record for villager: Ikjibvik Nunuqsibiixaq/inuit_sanduitson/6325561240096706984/-555/68/725
7.1.1 13-01-2019 17:18:50 MAJOR: (sanduit_A0 at -553/67/727/0/0/1044895671/Autsituqpuq/net.minecraft.world.WorldServer@75e460f7): Updating record for villager: Puvlibniq Naunbat/inuit_sanduitdaughter/8442572205654594271/-550/68/727
7.1.1 13-01-2019 17:18:50 MAJOR: (sanduit_A0 at -553/67/727/0/0/1044895671/Autsituqpuq/net.minecraft.world.WorldServer@75e460f7): Updating record for villager: Ikjibvik Nunuqsibiixaq/inuit_sanduitson/6325561240096706984/-555/68/725
7.1.1 13-01-2019 17:18:53 MAJOR: (sanduit_A0 at -553/67/727/0/0/1044895671/Autsituqpuq/net.minecraft.world.WorldServer@75e460f7): Updating record for villager: Puvlibniq Naunbat/inuit_sanduitdaughter/8442572205654594271/-550/68/727
7.1.1 13-01-2019 17:18:53 MAJOR: (sanduit_A0 at -553/67/727/0/0/1044895671/Autsituqpuq/net.minecraft.world.WorldServer@75e460f7): Updating record for villager: Ikjibvik Nunuqsibiixaq/inuit_sanduitson/6325561240096706984/-555/68/725
7.1.1 13-01-2019 17:18:56 MAJOR: (sanduit_A0 at -553/67/727/0/0/1044895671/Autsituqpuq/net.minecraft.world.WorldServer@75e460f7): Updating record for villager: Puvlibniq Naunbat/inuit_sanduitdaughter/8442572205654594271/-550/68/727
7.1.1 13-01-2019 17:18:56 MAJOR: (sanduit_A0 at -553/67/727/0/0/1044895671/Autsituqpuq/net.minecraft.world.WorldServer@75e460f7): Updating record for villager: Ikjibvik Nunuqsibiixaq/inuit_sanduitson/6325561240096706984/-555/68/725
7.1.1 13-01-2019 17:24:55 Starting new session. Mods: examplemod 
7.1.1 13-01-2019 17:25:41 MAJOR: null: Loading language: en_us
7.1.1 13-01-2019 17:25:41 MAJOR: null: LanguageData loaded: en_us. Wand invitem name: Wand of Summoning
7.1.1 13-01-2019 17:29:04 Starting new session. Mods: examplemod 
7.1.1 13-01-2019 17:29:48 MAJOR: null: Loading language: en_us
7.1.1 13-01-2019 17:29:49 MAJOR: null: LanguageData loaded: en_us. Wand invitem name: Wand of Summoning
7.1.1 13-01-2019 17:34:52 Starting new session. Mods: examplemod 
7.1.1 13-01-2019 17:35:40 MAJOR: null: Loading language: en_us
7.1.1 13-01-2019 17:35:41 MAJOR: null: LanguageData loaded: en_us. Wand invitem name: Wand of Summoning
7.1.1 13-01-2019 17:45:42 Starting new session. Mods: examplemod 
7.1.1 13-01-2019 17:46:38 MAJOR: null: Loading language: en_us
7.1.1 13-01-2019 17:46:38 MAJOR: null: LanguageData loaded: en_us. Wand invitem name: Wand of Summoning
7.1.1 20-01-2019 13:20:01 Starting new session. Mods: examplemod 
7.1.1 20-01-2019 13:21:04 MAJOR: null: Loading language: en_us
7.1.1 20-01-2019 13:21:07 MAJOR: null: LanguageData loaded: en_us. Wand invitem name: Wand of Summoning
7.1.1 20-01-2019 13:31:11 Starting new session. Mods: examplemod 
7.1.1 20-01-2019 13:31:56 MAJOR: null: Loading language: en_us
7.1.1 20-01-2019 13:31:59 MAJOR: null: LanguageData loaded: en_us. Wand invitem name: Wand of Summoning
7.1.1 20-01-2019 16:17:47 Starting new session. Mods: examplemod 
7.1.1 20-01-2019 16:18:37 MAJOR: null: Loading language: en_us
7.1.1 20-01-2019 16:18:40 MAJOR: null: LanguageData loaded: en_us. Wand invitem name: Wand of Summoning
7.1.1 20-01-2019 16:22:03 Starting new session. Mods: examplemod 
7.1.1 20-01-2019 16:22:41 MAJOR: null: Loading language: en_us
7.1.1 20-01-2019 16:22:42 MAJOR: null: LanguageData loaded: en_us. Wand invitem name: Wand of Summoning
7.1.1 22-01-2019 21:45:27 Starting new session. Mods: examplemod 
7.1.1 22-01-2019 21:46:17 MAJOR: null: Loading language: en_us
7.1.1 22-01-2019 21:46:20 MAJOR: null: LanguageData loaded: en_us. Wand invitem name: Wand of Summoning
7.1.1 22-01-2019 21:53:22 Starting new session. Mods: examplemod 
7.1.1 22-01-2019 21:54:57 Starting new session. Mods: examplemod 
7.1.1 22-01-2019 21:55:36 MAJOR: null: Loading language: en_us
7.1.1 22-01-2019 21:55:37 MAJOR: null: LanguageData loaded: en_us. Wand invitem name: Wand of Summoning
7.1.1 23-01-2019 15:59:26 Starting new session. Mods: examplemod 
7.1.1 23-01-2019 16:00:15 MAJOR: null: Loading language: en_us
7.1.1 23-01-2019 16:00:18 MAJOR: null: LanguageData loaded: en_us. Wand invitem name: Wand of Summoning
7.1.1 23-01-2019 19:13:13 Starting new session. Mods: examplemod 
7.1.1 23-01-2019 19:13:56 MAJOR: null: Loading language: en_us
7.1.1 23-01-2019 19:13:59 MAJOR: null: LanguageData loaded: en_us. Wand invitem name: Wand of Summoning
7.1.1 24-01-2019 19:25:12 Starting new session. Mods: examplemod 
7.1.1 24-01-2019 19:26:01 MAJOR: null: Loading language: en_us
7.1.1 24-01-2019 19:26:04 MAJOR: null: LanguageData loaded: en_us. Wand invitem name: Wand of Summoning
7.1.1 24-01-2019 23:34:36 Starting new session. Mods: examplemod 
7.1.1 24-01-2019 23:35:25 MAJOR: null: Loading language: en_us
7.1.1 24-01-2019 23:35:28 MAJOR: null: LanguageData loaded: en_us. Wand invitem name: Wand of Summoning
7.1.1 25-01-2019 18:10:30 Starting new session. Mods: examplemod 
7.1.1 25-01-2019 18:11:38 MAJOR: null: Loading language: en_us
7.1.1 25-01-2019 18:11:41 MAJOR: null: LanguageData loaded: en_us. Wand invitem name: Wand of Summoning
7.1.1 25-01-2019 18:15:17 MAJOR: null: Name of player with UUID '0ed9ba40-57b4-4450-9a6f-5286314db3d3' changed from 'null' to 'Xatha'.
7.1.1 25-01-2019 18:45:06 Starting new session. Mods: examplemod 
7.1.1 25-01-2019 18:45:53 MAJOR: null: Loading language: en_us
7.1.1 25-01-2019 18:45:57 MAJOR: null: LanguageData loaded: en_us. Wand invitem name: Wand of Summoning
7.1.1 25-01-2019 18:52:36 Starting new session. Mods: examplemod 
7.1.1 25-01-2019 18:53:21 MAJOR: null: Loading language: en_us
7.1.1 25-01-2019 18:53:22 MAJOR: null: LanguageData loaded: en_us. Wand invitem name: Wand of Summoning
7.1.1 25-01-2019 19:14:00 Starting new session. Mods: examplemod 
7.1.1 25-01-2019 19:14:54 MAJOR: null: Loading language: en_us
7.1.1 25-01-2019 19:14:57 MAJOR: null: LanguageData loaded: en_us. Wand invitem name: Wand of Summoning
7.1.1 25-01-2019 19:22:47 Starting new session. Mods: examplemod 
7.1.1 25-01-2019 19:23:43 MAJOR: null: Loading language: en_us
7.1.1 25-01-2019 19:23:45 MAJOR: null: LanguageData loaded: en_us. Wand invitem name: Wand of Summoning
7.1.1 25-01-2019 20:39:56 Starting new session. Mods: examplemod 
7.1.1 25-01-2019 20:40:54 MAJOR: null: Loading language: en_us
7.1.1 25-01-2019 20:40:58 MAJOR: null: LanguageData loaded: en_us. Wand invitem name: Wand of Summoning
7.1.1 25-01-2019 20:57:17 Starting new session. Mods: examplemod 
7.1.1 25-01-2019 20:58:15 MAJOR: null: Loading language: en_us
7.1.1 25-01-2019 20:58:18 MAJOR: null: LanguageData loaded: en_us. Wand invitem name: Wand of Summoning
7.1.1 25-01-2019 21:05:31 Starting new session. Mods: examplemod 
7.1.1 25-01-2019 21:06:35 MAJOR: null: Loading language: en_us
7.1.1 25-01-2019 21:06:38 MAJOR: null: LanguageData loaded: en_us. Wand invitem name: Wand of Summoning
7.1.1 25-01-2019 21:14:00 Starting new session. Mods: examplemod 
7.1.1 25-01-2019 21:15:02 MAJOR: null: Loading language: en_us
7.1.1 25-01-2019 21:15:05 MAJOR: null: LanguageData loaded: en_us. Wand invitem name: Wand of Summoning
7.1.1 25-01-2019 21:18:54 Starting new session. Mods: examplemod 
7.1.1 25-01-2019 21:20:01 MAJOR: null: Loading language: en_us
7.1.1 25-01-2019 21:20:04 MAJOR: null: LanguageData loaded: en_us. Wand invitem name: Wand of Summoning
7.1.1 25-01-2019 21:31:23 ERROR: org.millenaire.client.network.ClientReceiver@5aaf327e: Received a packet despite null clientWorld.
7.1.1 25-01-2019 21:31:23 ERROR: org.millenaire.client.network.ClientReceiver@5aaf327e: Received a packet despite null clientWorld.
7.1.1 25-01-2019 21:36:17 Starting new session. Mods: examplemod 
7.1.1 25-01-2019 21:37:22 MAJOR: null: Loading language: en_us
7.1.1 25-01-2019 21:37:25 MAJOR: null: LanguageData loaded: en_us. Wand invitem name: Wand of Summoning
7.1.1 25-01-2019 21:45:44 Starting new session. Mods: examplemod 
7.1.1 25-01-2019 21:46:54 MAJOR: null: Loading language: en_us
7.1.1 25-01-2019 21:46:57 MAJOR: null: LanguageData loaded: en_us. Wand invitem name: Wand of Summoning
7.1.1 29-01-2019 21:44:10 Starting new session. Mods: examplemod 
7.1.1 29-01-2019 21:45:10 MAJOR: null: Loading language: en_US
7.1.1 29-01-2019 21:45:12 MAJOR: null: LanguageData loaded: en_US. Wand invitem name: Wand of Summoning
7.1.1 29-01-2019 21:48:25 Starting new session. Mods: examplemod 
7.1.1 29-01-2019 21:49:23 MAJOR: null: Loading language: en_US
7.1.1 29-01-2019 21:49:23 MAJOR: null: LanguageData loaded: en_US. Wand invitem name: Wand of Summoning
7.1.1 30-01-2019 16:38:35 Starting new session. Mods: examplemod 
7.1.1 30-01-2019 16:39:45 MAJOR: null: Loading language: en_US
7.1.1 30-01-2019 16:39:49 MAJOR: null: LanguageData loaded: en_US. Wand invitem name: Wand of Summoning
7.1.1 30-01-2019 16:51:25 Starting new session. Mods: examplemod 
7.1.1 30-01-2019 16:52:35 MAJOR: null: Loading language: en_US
7.1.1 30-01-2019 16:52:38 MAJOR: null: LanguageData loaded: en_US. Wand invitem name: Wand of Summoning
7.1.1 30-01-2019 16:58:16 Starting new session. Mods: examplemod 
7.1.1 30-01-2019 16:59:38 MAJOR: null: Loading language: en_US
7.1.1 30-01-2019 16:59:40 MAJOR: null: LanguageData loaded: en_US. Wand invitem name: Wand of Summoning
